<?xml version="1.0" encoding="UTF-8"?>
<!-- Generated by org.testng.reporters.JUnitReportReporter -->
<testsuite hostname="DESKTOP-JKESLQ1" failures="0" tests="1" name="qascripts.flipkart1" time="15.569" errors="0" timestamp="2021-05-05T12:46:09 IST" skipped="0">
  <testcase classname="qascripts.flipkart1" name="verifylogin" time="15.569"/>
  <system-out/>
</testsuite> <!-- qascripts.flipkart1 -->
